

times in msec
 clock   self+sourced   self:  sourced script
 clock   elapsed:              other lines

000.012  000.012: --- NVIM STARTING ---
000.217  000.205: event init
000.397  000.180: early init
001.635  001.238: locale set
001.756  000.121: init first window
010.951  009.195: inits 1
010.970  000.019: window checked
010.971  000.001: parsing arguments
012.140  000.062  000.062: require('vim.shared')
012.198  000.019  000.019: require('vim._meta')
012.199  000.057  000.038: require('vim._editor')
012.200  000.218  000.099: require('vim._init_packages')
012.201  001.012: init lua interpreter
012.576  000.375: expanding arguments
012.648  000.073: inits 2
012.847  000.198: init highlight
012.847  000.001: waiting for UI
014.592  001.745: done waiting for UI
014.607  000.015: init screen for UI
014.835  000.228: init default mappings
014.852  000.017: init default autocommands
017.300  000.296  000.296: sourcing /opt/homebrew/Cellar/neovim/0.8.1/share/nvim/runtime/ftplugin.vim
017.764  000.204  000.204: sourcing /opt/homebrew/Cellar/neovim/0.8.1/share/nvim/runtime/indent.vim
019.155  000.004  000.004: require('vim.keymap')
019.167  000.255  000.251: require('dcp.keymaps')
019.417  000.249  000.249: require('dcp.options')
020.238  000.684  000.684: require('paq')
020.275  000.857  000.173: require('dcp.packages')
023.023  000.815  000.815: require('tokyonight.treesitter')
023.026  001.171  000.355: require('tokyonight.util')
024.302  000.355  000.355: require('tokyonight.colors')
024.304  001.277  000.922: require('tokyonight.theme')
024.498  000.193  000.193: require('tokyonight.config')
024.500  003.018  000.378: require('tokyonight')
026.134  000.004  000.004: require('vim.F')
026.168  001.274  001.271: require('vim.diagnostic')
028.331  000.346  000.346: require('vim.treesitter.language')
028.339  001.433  001.087: require('vim.treesitter.query')
028.691  000.352  000.352: require('vim.treesitter.languagetree')
028.718  002.543  000.758: require('vim.treesitter')
029.002  000.283  000.283: require('vim.treesitter.highlighter')
029.829  008.710  001.592: sourcing /Users/dylan.pinn/.local/share/nvim/site/pack/paqs/start/tokyonight.nvim/colors/tokyonight.lua
029.841  009.565  000.855: require('dcp.color')
029.842  011.186  000.259: require('dcp')
029.843  011.543  000.357: sourcing /Users/dylan.pinn/.config/nvim/init.lua
029.850  002.955: sourcing vimrc file(s)
030.834  000.577  000.577: sourcing /opt/homebrew/Cellar/neovim/0.8.1/share/nvim/runtime/filetype.lua
031.353  000.216  000.216: sourcing /opt/homebrew/Cellar/neovim/0.8.1/share/nvim/runtime/filetype.vim
032.378  000.223  000.223: sourcing /opt/homebrew/Cellar/neovim/0.8.1/share/nvim/runtime/syntax/synload.vim
032.458  000.829  000.606: sourcing /opt/homebrew/Cellar/neovim/0.8.1/share/nvim/runtime/syntax/syntax.vim
035.065  000.230  000.230: sourcing /opt/homebrew/Cellar/neovim/0.8.1/share/nvim/runtime/plugin/gzip.vim
035.426  000.136  000.136: sourcing /opt/homebrew/Cellar/neovim/0.8.1/share/nvim/runtime/plugin/health.vim
038.890  000.159  000.159: sourcing /opt/homebrew/Cellar/neovim/0.8.1/share/nvim/runtime/pack/dist/opt/matchit/plugin/matchit.vim
039.581  003.824  003.665: sourcing /opt/homebrew/Cellar/neovim/0.8.1/share/nvim/runtime/plugin/matchit.vim
040.050  000.132  000.132: sourcing /opt/homebrew/Cellar/neovim/0.8.1/share/nvim/runtime/plugin/matchparen.vim
040.518  000.208  000.208: sourcing /opt/homebrew/Cellar/neovim/0.8.1/share/nvim/runtime/plugin/netrwPlugin.vim
040.861  000.137  000.137: sourcing /opt/homebrew/Cellar/neovim/0.8.1/share/nvim/runtime/plugin/rplugin.vim
041.134  000.058  000.058: sourcing /opt/homebrew/Cellar/neovim/0.8.1/share/nvim/runtime/plugin/shada.vim
041.377  000.035  000.035: sourcing /opt/homebrew/Cellar/neovim/0.8.1/share/nvim/runtime/plugin/spellfile.vim
041.673  000.077  000.077: sourcing /opt/homebrew/Cellar/neovim/0.8.1/share/nvim/runtime/plugin/tarPlugin.vim
042.146  000.079  000.079: sourcing /opt/homebrew/Cellar/neovim/0.8.1/share/nvim/runtime/plugin/tohtml.vim
042.448  000.034  000.034: sourcing /opt/homebrew/Cellar/neovim/0.8.1/share/nvim/runtime/plugin/tutor.vim
042.826  000.107  000.107: sourcing /opt/homebrew/Cellar/neovim/0.8.1/share/nvim/runtime/plugin/zipPlugin.vim
043.792  000.163  000.163: sourcing /opt/homebrew/Cellar/neovim/0.8.1/share/nvim/runtime/plugin/man.lua
043.816  007.122: loading rtp plugins
050.004  000.257  000.257: require('vim.lsp.log')
050.642  000.637  000.637: require('vim.lsp.protocol')
051.986  000.393  000.393: require('vim.lsp._snippet')
052.226  000.238  000.238: require('vim.highlight')
052.238  001.595  000.964: require('vim.lsp.util')
052.249  002.954  000.465: require('vim.lsp.handlers')
052.724  000.474  000.474: require('vim.lsp.rpc')
053.040  000.315  000.315: require('vim.lsp.sync')
053.572  000.531  000.531: require('vim.lsp.buf')
053.918  000.345  000.345: require('vim.lsp.diagnostic')
054.356  000.432  000.432: require('vim.lsp.codelens')
054.484  007.678  002.628: require('vim.lsp')
054.514  007.996  000.318: sourcing /Users/dylan.pinn/.local/share/nvim/site/pack/paqs/start/nvim-lspconfig/plugin/lspconfig.lua
057.713  000.362  000.362: require('nvim-treesitter.utils')
058.375  000.661  000.661: require('nvim-treesitter.parsers')
059.724  000.302  000.302: require('nvim-treesitter.ts_utils')
059.727  000.509  000.208: require('nvim-treesitter.tsrange')
059.892  000.164  000.164: require('nvim-treesitter.caching')
059.898  000.962  000.288: require('nvim-treesitter.query')
059.904  001.312  000.350: require('nvim-treesitter.configs')
059.906  001.530  000.218: require('nvim-treesitter.info')
060.145  000.238  000.238: require('nvim-treesitter.shell_command_selectors')
060.158  003.396  000.606: require('nvim-treesitter.install')
060.322  000.163  000.163: require('nvim-treesitter.statusline')
060.563  000.241  000.241: require('nvim-treesitter.query_predicates')
060.565  004.178  000.378: require('nvim-treesitter')
060.776  004.620  000.442: sourcing /Users/dylan.pinn/.local/share/nvim/site/pack/paqs/start/nvim-treesitter/plugin/nvim-treesitter.lua
062.010  000.142  000.142: sourcing /Users/dylan.pinn/.local/share/nvim/site/pack/paqs/start/plenary.nvim/plugin/plenary.vim
062.588  006.014: loading packages
065.074  000.328  000.328: require('mason-core.path')
065.078  000.681  000.353: require('mason.settings')
065.653  000.288  000.288: require('mason-core.functional')
066.016  000.153  000.153: require('mason-core.functional.data')
066.019  000.354  000.201: require('mason-core.functional.function')
066.185  000.160  000.160: require('mason-core.functional.relation')
066.360  000.172  000.172: require('mason-core.functional.logic')
066.379  001.300  000.326: require('mason-core.platform')
066.380  002.347  000.366: require('mason')
066.942  000.229  000.229: require('mason-core.functional.list')
066.951  000.563  000.335: require('mason.api.command')
067.663  000.342  000.342: require('mason-core.log')
067.665  000.712  000.370: require('mason-lspconfig')
067.967  000.301  000.301: require('mason-lspconfig.settings')
068.381  000.147  000.147: require('mason-core.notify')
068.383  000.415  000.268: require('mason-lspconfig.lspconfig_hook')
068.835  000.452  000.452: require('lspconfig.util')
069.503  000.187  000.187: require('mason-core.functional.table')
069.531  000.692  000.505: require('mason-lspconfig.mappings.server')
070.549  000.453  000.453: require('mason-core.async')
070.713  000.163  000.163: require('mason-core.async.uv')
070.717  000.839  000.223: require('mason-core.fs')
070.905  000.188  000.188: require('mason-core.optional')
071.279  000.373  000.373: require('mason-core.EventEmitter')
071.643  000.363  000.363: require('mason-registry.index')
071.657  002.125  000.364: require('mason-registry')
071.906  000.248  000.248: require('mason-lspconfig.server_config_extensions')
072.382  000.474  000.474: require('lspconfig.configs')
072.790  000.408  000.408: require('lspconfig.server_configurations.omnisharp')
073.385  000.159  000.159: require('mason-core.functional.number')
073.397  000.585  000.426: require('mason-lspconfig.api.command')
074.584  000.452  000.452: require('null-ls.utils')
074.683  000.922  000.471: require('null-ls.config')
075.420  000.374  000.374: require('null-ls.helpers.cache')
076.213  000.792  000.792: require('null-ls.helpers.diagnostics')
076.398  000.184  000.184: require('null-ls.helpers.formatter_factory')
076.899  000.183  000.183: require('null-ls.logger')
077.094  000.194  000.194: require('null-ls.state')
077.096  000.697  000.320: require('null-ls.helpers.generator_factory')
077.493  000.191  000.191: require('null-ls.helpers.command_resolver')
077.494  000.397  000.206: require('null-ls.helpers.make_builtin')
077.797  000.302  000.302: require('null-ls.helpers.range_formatting_args_factory')
077.798  003.114  000.368: require('null-ls.helpers')
078.557  000.204  000.204: require('null-ls.methods')
078.560  000.463  000.259: require('null-ls.diagnostics')
078.565  000.766  000.303: require('null-ls.sources')
078.788  000.222  000.222: require('null-ls.builtins')
078.791  005.393  000.368: require('null-ls')
079.070  000.278  000.278: require('lspconfig')
079.432  000.360  000.360: require('lspconfig.server_configurations.sumneko_lua')
080.806  000.333  000.333: require('lspconfig.server_configurations.tsserver')
081.759  000.412  000.412: require('null-ls.builtins.code_actions.eslint')
081.784  000.818  000.406: require('null-ls.builtins.code_actions.eslint_d')
082.465  000.295  000.295: require('null-ls.builtins.diagnostics.eslint')
082.497  000.712  000.417: require('null-ls.builtins.diagnostics.eslint_d')
082.883  000.385  000.385: require('null-ls.builtins.diagnostics.luacheck')
083.317  000.432  000.432: require('null-ls.builtins.formatting.prettier')
083.615  000.297  000.297: require('null-ls.builtins.formatting.stylua')
084.292  000.284  000.284: require('null-ls.client')
084.694  000.391  000.391: require('mason-null-ls')
085.023  000.329  000.329: require('mason-null-ls.settings')
085.343  000.288  000.288: require('mason-null-ls.automatic_installation')
086.313  000.204  000.204: require('mason-core.result')
087.182  000.345  000.345: require('mason-core.process')
087.186  000.598  000.253: require('mason-core.spawn')
087.408  000.221  000.221: require('mason-core.receipt')
087.677  000.265  000.265: require('mason-core.functional.string')
087.686  001.372  000.288: require('mason-core.installer.context')
087.868  000.181  000.181: require('mason-core.installer.linker')
088.141  000.272  000.272: require('mason-core.async.control')
088.143  002.280  000.252: require('mason-core.installer')
088.510  000.366  000.366: require('mason-core.installer.handle')
091.465  000.305  000.305: require('mason-core.managers.powershell')
091.467  000.787  000.482: require('mason-core.fetch')
091.468  001.471  000.684: require('mason-core.managers.cargo.client')
091.934  000.227  000.227: require('mason-core.managers.std')
092.379  000.180  000.180: require('mason-core.providers')
092.384  000.449  000.269: require('mason-core.managers.github.client')
092.387  000.919  000.243: require('mason-core.managers.github')
092.395  003.258  000.868: require('mason-core.managers.cargo')
092.623  000.227  000.227: require('mason-core.managers.composer')
092.892  000.268  000.268: require('mason-core.managers.gem')
093.103  000.210  000.210: require('mason-core.managers.git')
093.353  000.248  000.248: require('mason-core.managers.go')
093.577  000.223  000.223: require('mason-core.managers.luarocks')
093.840  000.262  000.262: require('mason-core.managers.npm')
094.090  000.248  000.248: require('mason-core.managers.pip3')
094.092  005.581  000.636: require('mason-core.package.version-check')
094.095  008.666  000.439: require('mason-core.package')
094.370  000.247  000.247: require('mason-null-ls.mappings.source')
094.690  000.318  000.318: require('mason-registry.eslint_d')
095.017  000.321  000.321: require('mason-registry.luacheck')
096.048  000.296  000.296: require('mason-registry.prettier')
096.408  000.337  000.337: require('mason-registry.stylua')
096.738  000.329  000.329: require('mason-null-ls.api.command')
096.740  032.952  002.816: sourcing /Users/dylan.pinn/.config/nvim/after/plugin/lsp.lua
097.855  000.305  000.305: require('nvim-treesitter.highlight')
097.859  000.810  000.505: sourcing /Users/dylan.pinn/.config/nvim/after/plugin/treesitter.lua
097.868  001.518: loading after plugins
097.874  000.006: inits 3
103.174  005.300: reading ShaDa
103.235  000.061: opening buffers
103.275  000.040: BufEnter autocommands
103.276  000.001: editing files in windows
104.033  000.757: VimEnter autocommands
104.035  000.002: UIEnter autocommands
104.036  000.001: before starting main loop
104.480  000.444: first screen update
104.481  000.001: --- NVIM STARTED ---
