

times in msec
 clock   self+sourced   self:  sourced script
 clock   elapsed:              other lines

000.003  000.003: --- NVIM STARTING ---
000.071  000.068: event init
000.143  000.072: early init
001.902  001.759: locale set
001.922  000.021: init first window
010.422  008.500: inits 1
010.432  000.010: window checked
010.434  000.001: parsing arguments
010.679  000.045  000.045: require('vim.shared')
010.735  000.020  000.020: require('vim._meta')
010.736  000.056  000.036: require('vim._editor')
010.737  000.121  000.020: require('vim._init_packages')
010.738  000.184: init lua interpreter
010.868  000.130: expanding arguments
010.892  000.024: inits 2
011.060  000.168: init highlight
011.061  000.001: waiting for UI
012.767  001.706: done waiting for UI
012.782  000.015: init screen for UI
012.861  000.079: init default mappings
012.870  000.009: init default autocommands
014.448  000.252  000.252: sourcing /opt/homebrew/Cellar/neovim/0.8.1/share/nvim/runtime/ftplugin.vim
014.759  000.182  000.182: sourcing /opt/homebrew/Cellar/neovim/0.8.1/share/nvim/runtime/indent.vim
015.793  000.004  000.004: require('vim.keymap')
015.805  000.175  000.171: require('dcp.keymaps')
016.025  000.220  000.220: require('dcp.options')
016.905  000.616  000.616: require('lazy')
016.922  000.009  000.009: require('ffi')
017.253  000.329  000.329: require('lazy.core.cache')
018.294  000.052  000.052: require('lazy.core.util')
018.345  000.049  000.049: require('lazy.core.config')
018.417  000.034  000.034: require('lazy.core.handler')
018.419  000.073  000.039: require('lazy.core.loader')
018.453  000.034  000.034: require('lazy.core.plugin')
018.713  000.043  000.043: require('lazy.core.handler.event')
018.749  000.034  000.034: require('lazy.core.handler.ft')
018.782  000.032  000.032: require('lazy.core.handler.cmd')
018.813  000.029  000.029: require('lazy.core.handler.keys')
019.031  000.085  000.085: sourcing /opt/homebrew/Cellar/neovim/0.8.1/share/nvim/runtime/filetype.lua
019.542  000.133  000.133: sourcing /Users/dylan.pinn/.local/share/nvim/lazy/plenary.nvim/plugin/plenary.vim
020.324  000.066  000.066: require('vim.lsp.log')
020.769  000.005  000.005: require('vim.F')
020.771  000.446  000.440: require('vim.lsp.protocol')
020.954  000.110  000.110: require('vim.lsp._snippet')
020.997  000.042  000.042: require('vim.highlight')
021.012  000.240  000.088: require('vim.lsp.util')
021.026  000.823  000.071: require('vim.lsp.handlers')
021.103  000.075  000.075: require('vim.lsp.rpc')
021.142  000.039  000.039: require('vim.lsp.sync')
021.287  000.143  000.143: require('vim.lsp.buf')
021.352  000.064  000.064: require('vim.lsp.diagnostic')
021.410  000.057  000.057: require('vim.lsp.codelens')
021.450  001.347  000.145: require('vim.lsp')
021.472  001.429  000.083: sourcing /Users/dylan.pinn/.local/share/nvim/lazy/nvim-lspconfig/plugin/lspconfig.lua
022.125  000.050  000.050: require('nvim-treesitter.utils')
022.332  000.032  000.032: require('vim.treesitter.language')
022.337  000.079  000.047: require('vim.treesitter.query')
022.380  000.042  000.042: require('vim.treesitter.languagetree')
022.386  000.171  000.050: require('vim.treesitter')
022.462  000.335  000.164: require('nvim-treesitter.parsers')
022.697  000.073  000.073: require('nvim-treesitter.ts_utils')
022.700  000.113  000.039: require('nvim-treesitter.tsrange')
022.744  000.044  000.044: require('nvim-treesitter.caching')
022.749  000.206  000.049: require('nvim-treesitter.query')
022.755  000.256  000.050: require('nvim-treesitter.configs')
022.757  000.294  000.038: require('nvim-treesitter.info')
022.830  000.072  000.072: require('nvim-treesitter.shell_command_selectors')
022.841  000.831  000.080: require('nvim-treesitter.install')
022.881  000.039  000.039: require('nvim-treesitter.statusline')
022.915  000.033  000.033: require('nvim-treesitter.query_predicates')
022.916  000.975  000.073: require('nvim-treesitter')
023.087  001.160  000.184: sourcing /Users/dylan.pinn/.local/share/nvim/lazy/nvim-treesitter/plugin/nvim-treesitter.lua
023.848  000.212  000.212: sourcing /opt/homebrew/Cellar/neovim/0.8.1/share/nvim/runtime/plugin/gzip.vim
024.137  000.129  000.129: sourcing /opt/homebrew/Cellar/neovim/0.8.1/share/nvim/runtime/plugin/health.vim
024.288  000.024  000.024: sourcing /opt/homebrew/Cellar/neovim/0.8.1/share/nvim/runtime/plugin/man.lua
024.454  000.038  000.038: sourcing /opt/homebrew/Cellar/neovim/0.8.1/share/nvim/runtime/plugin/matchit.vim
024.700  000.123  000.123: sourcing /opt/homebrew/Cellar/neovim/0.8.1/share/nvim/runtime/plugin/matchparen.vim
025.027  000.204  000.204: sourcing /opt/homebrew/Cellar/neovim/0.8.1/share/nvim/runtime/plugin/netrwPlugin.vim
025.283  000.122  000.122: sourcing /opt/homebrew/Cellar/neovim/0.8.1/share/nvim/runtime/plugin/rplugin.vim
025.470  000.059  000.059: sourcing /opt/homebrew/Cellar/neovim/0.8.1/share/nvim/runtime/plugin/shada.vim
025.629  000.036  000.036: sourcing /opt/homebrew/Cellar/neovim/0.8.1/share/nvim/runtime/plugin/spellfile.vim
025.847  000.090  000.090: sourcing /opt/homebrew/Cellar/neovim/0.8.1/share/nvim/runtime/plugin/tarPlugin.vim
026.068  000.090  000.090: sourcing /opt/homebrew/Cellar/neovim/0.8.1/share/nvim/runtime/plugin/tohtml.vim
026.308  000.036  000.036: sourcing /opt/homebrew/Cellar/neovim/0.8.1/share/nvim/runtime/plugin/tutor.vim
026.536  000.101  000.101: sourcing /opt/homebrew/Cellar/neovim/0.8.1/share/nvim/runtime/plugin/zipPlugin.vim
027.236  000.036  000.036: require('mason-core.path')
027.239  000.080  000.044: require('mason.settings')
027.338  000.058  000.058: require('mason-core.functional')
027.427  000.031  000.031: require('mason-core.functional.data')
027.431  000.079  000.048: require('mason-core.functional.function')
027.469  000.032  000.032: require('mason-core.functional.relation')
027.503  000.031  000.031: require('mason-core.functional.logic')
027.511  000.271  000.072: require('mason-core.platform')
027.512  000.402  000.050: require('mason')
027.637  000.069  000.069: require('mason-core.functional.list')
027.645  000.126  000.058: require('mason.api.command')
027.733  000.042  000.042: require('mason-core.log')
027.735  000.087  000.045: require('mason-lspconfig')
027.764  000.029  000.029: require('mason-lspconfig.settings')
027.822  000.027  000.027: require('mason-core.notify')
027.824  000.059  000.031: require('mason-lspconfig.lspconfig_hook')
027.887  000.062  000.062: require('lspconfig.util')
027.974  000.043  000.043: require('mason-core.functional.table')
028.000  000.110  000.067: require('mason-lspconfig.mappings.server')
028.099  000.035  000.035: require('mason-core.async')
028.129  000.028  000.028: require('mason-core.async.uv')
028.131  000.098  000.035: require('mason-core.fs')
028.162  000.030  000.030: require('mason-core.optional')
028.194  000.031  000.031: require('mason-core.EventEmitter')
028.247  000.052  000.052: require('mason-registry.index')
028.252  000.251  000.040: require('mason-registry')
028.283  000.030  000.030: require('mason-lspconfig.server_config_extensions')
028.320  000.036  000.036: require('lspconfig.configs')
028.356  000.035  000.035: require('lspconfig.server_configurations.omnisharp')
028.549  000.029  000.029: require('mason-core.functional.number')
028.558  000.075  000.046: require('mason-lspconfig.api.command')
028.660  000.039  000.039: require('null-ls.utils')
028.771  000.110  000.110: require('vim.diagnostic')
028.836  000.246  000.097: require('null-ls.config')
028.895  000.028  000.028: require('null-ls.helpers.cache')
028.931  000.035  000.035: require('null-ls.helpers.diagnostics')
028.960  000.028  000.028: require('null-ls.helpers.formatter_factory')
029.027  000.030  000.030: require('null-ls.logger')
029.062  000.034  000.034: require('null-ls.state')
029.064  000.103  000.038: require('null-ls.helpers.generator_factory')
029.125  000.031  000.031: require('null-ls.helpers.command_resolver')
029.126  000.062  000.031: require('null-ls.helpers.make_builtin')
029.156  000.029  000.029: require('null-ls.helpers.range_formatting_args_factory')
029.157  000.320  000.036: require('null-ls.helpers')
029.268  000.046  000.046: require('null-ls.methods')
029.287  000.095  000.049: require('null-ls.diagnostics')
029.290  000.133  000.038: require('null-ls.sources')
029.324  000.032  000.032: require('null-ls.builtins')
029.325  000.766  000.035: require('null-ls')
029.354  000.028  000.028: require('lspconfig')
029.388  000.033  000.033: require('lspconfig.server_configurations.sumneko_lua')
030.291  000.039  000.039: require('lspconfig.server_configurations.tsserver')
030.508  000.101  000.101: require('null-ls.builtins.code_actions.eslint')
030.544  000.172  000.070: require('null-ls.builtins.code_actions.eslint_d')
030.655  000.077  000.077: require('null-ls.builtins.diagnostics.eslint')
030.674  000.128  000.052: require('null-ls.builtins.diagnostics.eslint_d')
030.729  000.054  000.054: require('null-ls.builtins.diagnostics.luacheck')
030.771  000.040  000.040: require('null-ls.builtins.formatting.prettier')
030.834  000.062  000.062: require('null-ls.builtins.formatting.stylua')
031.087  000.040  000.040: require('null-ls.client')
031.131  000.035  000.035: require('mason-null-ls')
031.160  000.028  000.028: require('mason-null-ls.settings')
031.216  000.032  000.032: require('mason-null-ls.automatic_installation')
031.349  000.033  000.033: require('mason-core.result')
031.479  000.062  000.062: require('mason-core.process')
031.529  000.142  000.080: require('mason-core.spawn')
031.564  000.034  000.034: require('mason-core.receipt')
031.607  000.040  000.040: require('mason-core.functional.string')
031.614  000.264  000.049: require('mason-core.installer.context')
031.645  000.030  000.030: require('mason-core.installer.linker')
031.676  000.030  000.030: require('mason-core.async.control')
031.678  000.398  000.039: require('mason-core.installer')
031.731  000.052  000.052: require('mason-core.installer.handle')
031.971  000.060  000.060: require('mason-core.managers.powershell')
031.973  000.093  000.034: require('mason-core.fetch')
031.974  000.130  000.036: require('mason-core.managers.cargo.client')
032.057  000.048  000.048: require('mason-core.managers.std')
032.135  000.035  000.035: require('mason-core.providers')
032.142  000.083  000.049: require('mason-core.managers.github.client')
032.145  000.171  000.039: require('mason-core.managers.github')
032.155  000.357  000.057: require('mason-core.managers.cargo')
032.233  000.077  000.077: require('mason-core.managers.composer')
032.290  000.056  000.056: require('mason-core.managers.gem')
032.328  000.038  000.038: require('mason-core.managers.git')
032.372  000.043  000.043: require('mason-core.managers.go')
032.444  000.072  000.072: require('mason-core.managers.luarocks')
032.488  000.043  000.043: require('mason-core.managers.npm')
032.535  000.046  000.046: require('mason-core.managers.pip3')
032.539  000.807  000.074: require('mason-core.package.version-check')
032.543  001.300  000.044: require('mason-core.package')
032.579  000.033  000.033: require('mason-null-ls.mappings.source')
033.039  000.063  000.063: require('mason-registry.luacheck')
033.147  000.082  000.082: require('mason-registry.eslint_d')
033.200  000.046  000.046: require('mason-registry.stylua')
033.251  000.045  000.045: require('mason-registry.prettier')
033.320  000.068  000.068: require('mason-null-ls.api.command')
033.322  006.227  001.831: sourcing /Users/dylan.pinn/.config/nvim/after/plugin/lsp.lua
033.772  000.046  000.046: require('nvim-treesitter.highlight')
033.776  000.279  000.233: sourcing /Users/dylan.pinn/.config/nvim/after/plugin/treesitter.lua
033.818  017.792  005.915: require('dcp.packages-lazy')
034.255  000.113  000.113: require('tokyonight.treesitter')
034.258  000.154  000.041: require('tokyonight.util')
034.383  000.058  000.058: require('tokyonight.colors')
034.385  000.127  000.069: require('tokyonight.theme')
034.456  000.070  000.070: require('tokyonight.config')
034.459  000.393  000.042: require('tokyonight')
034.727  000.051  000.051: require('vim.treesitter.highlighter')
035.481  001.425  000.981: sourcing /Users/dylan.pinn/.local/share/nvim/lazy/tokyonight.nvim/colors/tokyonight.lua
035.508  001.689  000.264: require('dcp.color')
035.510  020.126  000.250: require('dcp')
035.511  020.446  000.320: sourcing /Users/dylan.pinn/.config/nvim/init.lua
035.518  001.769: sourcing vimrc file(s)
035.713  000.018  000.018: sourcing /opt/homebrew/Cellar/neovim/0.8.1/share/nvim/runtime/filetype.lua
036.169  000.267  000.267: sourcing /opt/homebrew/Cellar/neovim/0.8.1/share/nvim/runtime/filetype.vim
037.254  000.210  000.210: sourcing /opt/homebrew/Cellar/neovim/0.8.1/share/nvim/runtime/syntax/synload.vim
037.306  000.791  000.581: sourcing /opt/homebrew/Cellar/neovim/0.8.1/share/nvim/runtime/syntax/syntax.vim
037.318  000.724: inits 3
038.014  000.696: reading ShaDa
038.064  000.050: opening buffers
038.083  000.018: BufEnter autocommands
038.084  000.001: editing files in windows
038.290  000.206: VimEnter autocommands
038.291  000.001: UIEnter autocommands
038.292  000.001: before starting main loop
038.623  000.331: first screen update
038.624  000.001: --- NVIM STARTED ---
